<?xml version="1.0" encoding="UTF-8"?>
<!-- Generated by org.testng.reporters.JUnitXMLReporter -->
<testsuite ignored="0" hostname="DESKTOP-25JO6U9" failures="0" tests="4" name="Default test" time="4.684" errors="0" timestamp="2025-04-05T15:57:32 IST">
  <testcase classname="Day1.HTTPresponses" name="getUsers" time="2.885"/>
  <testcase classname="Day1.HTTPresponses" name="createUser" time="0.787"/>
  <testcase classname="Day1.HTTPresponses" name="updateUser" time="0.558"/>
  <testcase classname="Day1.HTTPresponses" name="delete" time="0.385"/>
</testsuite> <!-- Default test -->
