<?xml version="1.0" encoding="UTF-8"?>
<!-- Generated by org.testng.reporters.JUnitXMLReporter -->
<testsuite ignored="1" hostname="DESKTOP-25JO6U9" failures="0" tests="1" name="Default test" time="3.09" errors="0" timestamp="2025-04-07T13:05:14 IST">
  <testcase classname="Day2.DifferentWaysToCraetePost" name="postUsingPOJOTest" time="3.007"/>
  <testcase classname="Day2.DifferentWaysToCraetePost" name="postUsingJsonLibraryTest" time="0.0">
    <ignored/>
  </testcase> <!-- postUsingJsonLibraryTest -->
</testsuite> <!-- Default test -->
