<?xml version="1.0" encoding="UTF-8"?>
<testng-results ignored="1" total="2" passed="1" failed="0" skipped="0">
  <reporter-output>
  </reporter-output>
  <suite started-at="2025-04-07T13:05:11 IST" name="Default suite" finished-at="2025-04-07T13:05:14 IST" duration-ms="3090">
    <groups>
    </groups>
    <test started-at="2025-04-07T13:05:11 IST" name="Default test" finished-at="2025-04-07T13:05:14 IST" duration-ms="3090">
      <class name="Day2.DifferentWaysToCraetePost">
        <test-method signature="postUsingPOJOTest()[pri:0, instance:Day2.DifferentWaysToCraetePost@233795b6]" started-at="2025-04-07T13:05:11 IST" name="postUsingPOJOTest" finished-at="2025-04-07T13:05:14 IST" duration-ms="3007" status="PASS">
          <reporter-output>
          </reporter-output>
        </test-method> <!-- postUsingPOJOTest -->
      </class> <!-- Day2.DifferentWaysToCraetePost -->
    </test> <!-- Default test -->
  </suite> <!-- Default suite -->
</testng-results>
