<?xml version="1.0" encoding="UTF-8"?>
<testng-results ignored="0" total="4" passed="4" failed="0" skipped="0">
  <reporter-output>
  </reporter-output>
  <suite started-at="2025-04-05T15:57:27 IST" name="Default suite" finished-at="2025-04-05T15:57:32 IST" duration-ms="4684">
    <groups>
    </groups>
    <test started-at="2025-04-05T15:57:27 IST" name="Default test" finished-at="2025-04-05T15:57:32 IST" duration-ms="4684">
      <class name="Day1.HTTPresponses">
        <test-method signature="getUsers()[pri:1, instance:Day1.HTTPresponses@77c2494c]" started-at="2025-04-05T15:57:27 IST" name="getUsers" finished-at="2025-04-05T15:57:30 IST" duration-ms="2885" status="PASS">
          <reporter-output>
          </reporter-output>
        </test-method> <!-- getUsers -->
        <test-method signature="createUser()[pri:2, instance:Day1.HTTPresponses@77c2494c]" started-at="2025-04-05T15:57:30 IST" name="createUser" finished-at="2025-04-05T15:57:31 IST" duration-ms="787" status="PASS">
          <reporter-output>
          </reporter-output>
        </test-method> <!-- createUser -->
        <test-method signature="updateUser()[pri:3, instance:Day1.HTTPresponses@77c2494c]" started-at="2025-04-05T15:57:31 IST" name="updateUser" finished-at="2025-04-05T15:57:32 IST" depends-on-methods="Day1.HTTPresponses.createUser" duration-ms="558" status="PASS">
          <reporter-output>
          </reporter-output>
        </test-method> <!-- updateUser -->
        <test-method signature="delete()[pri:4, instance:Day1.HTTPresponses@77c2494c]" started-at="2025-04-05T15:57:32 IST" name="delete" finished-at="2025-04-05T15:57:32 IST" depends-on-methods="Day1.HTTPresponses.updateUser" duration-ms="385" status="PASS">
          <reporter-output>
          </reporter-output>
        </test-method> <!-- delete -->
      </class> <!-- Day1.HTTPresponses -->
    </test> <!-- Default test -->
  </suite> <!-- Default suite -->
</testng-results>
